<?xml version="1.0" encoding="UTF-8"?>
<!-- Generated by org.testng.reporters.JUnitXMLReporter -->
<testsuite ignored="1" hostname="Lymphomaniac" failures="0" tests="2" name="Client Tests " time="27.826" errors="0" timestamp="2026-05-03T21:54:30 NPT">
  <testcase classname="pipelineStater.ClientTest" name="testCreateSingleClient" time="11.39"/>
  <testcase classname="pipelineStater.ClientTest" name="testClientListAccessible" time="2.38"/>
  <testcase classname="pipelineStater.ClientTest" name="testCreateMultipleClients" time="0.0">
    <ignored/>
  </testcase> <!-- testCreateMultipleClients -->
</testsuite> <!-- Client Tests  -->
