<?xml version="1.0" encoding="UTF-8"?>
<!-- Generated by org.testng.reporters.JUnitXMLReporter -->
<testsuite ignored="1" hostname="Lymphomaniac" failures="0" tests="2" name="Client Tests" time="22.154" errors="0" timestamp="2026-05-02T10:46:30 NPT">
  <testcase classname="pipelineStater.ClientTest" name="testCreateSingleClient" time="7.202"/>
  <testcase classname="pipelineStater.ClientTest" name="testClientListAccessible" time="2.09"/>
  <testcase classname="pipelineStater.ClientTest" name="testCreateMultipleClients" time="0.0">
    <ignored/>
  </testcase> <!-- testCreateMultipleClients -->
</testsuite> <!-- Client Tests -->
