<?xml version="1.0" encoding="UTF-8"?>
<!-- Generated by org.testng.reporters.JUnitXMLReporter -->
<testsuite ignored="2" hostname="Lymphomaniac" failures="0" tests="1" name="Invitation Tests" time="5.663" errors="0" timestamp="2026-05-04T19:04:46 NPT">
  <testcase classname="pipelineStater.InvitationTest" name="testSendMultipleInvitations" time="0.0">
    <skipped/>
  </testcase> <!-- testSendMultipleInvitations -->
  <testcase classname="pipelineStater.InvitationTest" name="testAgentLimitClass" time="0.0">
    <ignored/>
  </testcase> <!-- testAgentLimitClass -->
  <testcase classname="pipelineStater.InvitationTest" name="testSendSingleInvitation" time="0.0">
    <ignored/>
  </testcase> <!-- testSendSingleInvitation -->
</testsuite> <!-- Invitation Tests -->
