<?xml version="1.0" encoding="UTF-8"?>
<!-- Generated by org.testng.reporters.JUnitXMLReporter -->
<testsuite ignored="2" hostname="Lymphomaniac" failures="0" tests="1" name="Message Tests" time="23.256" errors="0" timestamp="2026-05-03T21:55:52 NPT">
  <testcase classname="pipelineStater.MessageTest" name="testSendMessage" time="8.324"/>
  <testcase classname="pipelineStater.MessageTest" name="testDeleteMessage" time="0.0">
    <ignored/>
  </testcase> <!-- testDeleteMessage -->
  <testcase classname="pipelineStater.MessageTest" name="testEditMessage" time="0.0">
    <ignored/>
  </testcase> <!-- testEditMessage -->
</testsuite> <!-- Message Tests -->
