<?xml version="1.0" encoding="UTF-8"?>
<!-- Generated by org.testng.reporters.JUnitXMLReporter -->
<testsuite ignored="1" hostname="Lymphomaniac" failures="0" tests="2" name="Ticket Tests" time="58.179" errors="0" timestamp="2026-05-03T21:55:28 NPT">
  <testcase classname="pipelineStater.TicketTest" name="testCreateGuestTicket" time="20.448"/>
  <testcase classname="pipelineStater.TicketTest" name="testCreateNormalCustomerTicket" time="22.521"/>
  <testcase classname="pipelineStater.TicketTest" name="testCreateMultipleTickets" time="0.0">
    <ignored/>
  </testcase> <!-- testCreateMultipleTickets -->
</testsuite> <!-- Ticket Tests -->
