<?xml version="1.0" encoding="UTF-8"?>
<!-- Generated by org.testng.reporters.JUnitXMLReporter -->
<testsuite ignored="2" hostname="Lymphomaniac" failures="1" tests="1" name="Invitation Tests(failed)" time="89.333" errors="0" timestamp="2026-05-02T22:45:27 NPT">
  <testcase classname="pipelineStater.InvitationTest" name="testSendSingleInvitation" time="76.446">
    <failure type="java.lang.AssertionError" message="Invitation should be sent to correct email expected [xrssxpaf@sharklasers.com] but found [null]">
      <![CDATA[java.lang.AssertionError: Invitation should be sent to correct email expected [xrssxpaf@sharklasers.com] but found [null]
at pipelineStater.InvitationTest.testSendSingleInvitation(InvitationTest.java:38)
at java.base/java.util.ArrayList.forEach(ArrayList.java:1511)
... Removed 32 stack frames]]>
    </failure>
  </testcase> <!-- testSendSingleInvitation -->
  <testcase classname="pipelineStater.InvitationTest" name="testAgentLimitClass" time="0.0">
    <ignored/>
  </testcase> <!-- testAgentLimitClass -->
  <testcase classname="pipelineStater.InvitationTest" name="testSendMultipleInvitations" time="0.0">
    <ignored/>
  </testcase> <!-- testSendMultipleInvitations -->
</testsuite> <!-- Invitation Tests(failed) -->
