<?xml version="1.0" encoding="UTF-8"?>
<!-- Generated by org.testng.reporters.JUnitReportReporter -->
<testsuite hostname="Lymphomaniac" failures="0" tests="2" name="pipelineStater.ClientTest" time="13.770" errors="0" timestamp="2026-05-03T21:57:51 NPT" skipped="0">
  <testcase classname="pipelineStater.ClientTest" name="testCreateSingleClient" time="11.390"/>
  <testcase classname="pipelineStater.ClientTest" name="testClientListAccessible" time="2.380"/>
</testsuite> <!-- pipelineStater.ClientTest -->
