<?xml version="1.0" encoding="UTF-8"?>
<!-- Generated by org.testng.reporters.JUnitReportReporter -->
<testsuite hostname="Lymphomaniac" failures="0" tests="2" name="pipelineStater.TicketTest" time="42.969" errors="0" timestamp="2026-05-03T21:57:51 NPT" skipped="0">
  <testcase classname="pipelineStater.TicketTest" name="testCreateGuestTicket" time="20.448"/>
  <testcase classname="pipelineStater.TicketTest" name="testCreateNormalCustomerTicket" time="22.521"/>
</testsuite> <!-- pipelineStater.TicketTest -->
